<?xml version="1.0" encoding="UTF-8"?>
<robot generator="Robot 4.0.3 (Python 3.9.2 on win32)" generated="20221028 19:40:24.846" rpa="false" schemaversion="2">
<suite id="s1" name="Test" source="C:\workspace\selenium-webdriver-robot-framework\test.robot">
<test id="s1-t1" name="Deve retornar mensagem de boas vindas">
<kw name="Welcome" library="app">
<var>${result}</var>
<arg>Fernando</arg>
<msg timestamp="20221028 19:40:24.883" level="INFO">${result} = Olá Fernando Bem-vindo</msg>
<status status="PASS" starttime="20221028 19:40:24.882" endtime="20221028 19:40:24.883"/>
</kw>
<kw name="Should Be Equal" library="BuiltIn">
<arg>${result}</arg>
<arg>Olá Fernando Bem-vindo</arg>
<doc>Fails if the given objects are unequal.</doc>
<status status="PASS" starttime="20221028 19:40:24.884" endtime="20221028 19:40:24.884"/>
</kw>
<status status="PASS" starttime="20221028 19:40:24.876" endtime="20221028 19:40:24.885"/>
</test>
<status status="PASS" starttime="20221028 19:40:24.846" endtime="20221028 19:40:24.886"/>
</suite>
<statistics>
<total>
<stat pass="1" fail="0" skip="0">All Tests</stat>
</total>
<tag>
</tag>
<suite>
<stat pass="1" fail="0" skip="0" id="s1" name="Test">Test</stat>
</suite>
</statistics>
<errors>
</errors>
</robot>
