<?xml version="1.0" encoding="UTF-8"?>
<robot generator="Robot 4.0.3 (Python 3.9.2 on win32)" generated="20221029 13:20:31.791" rpa="false" schemaversion="2">
<suite id="s1" name="Login Form" source="C:\workspace\selenium-webdriver-robot-framework\web\tests\login_form.robot">
<test id="s1-t1" name="Login com sucesso">
<kw name="Nova sessão" library="base" type="SETUP">
<kw name="Open Browser" library="SeleniumLibrary">
<arg>${url}</arg>
<arg>chrome</arg>
<doc>Opens a new browser instance to the optional ``url``.</doc>
<msg timestamp="20221029 13:20:32.014" level="INFO">Opening browser 'chrome' to base url 'https://training-wheels-protocol.herokuapp.com/'.</msg>
<status status="PASS" starttime="20221029 13:20:32.013" endtime="20221029 13:20:36.044"/>
</kw>
<status status="PASS" starttime="20221029 13:20:32.013" endtime="20221029 13:20:36.044"/>
</kw>
<kw name="Go To" library="SeleniumLibrary">
<arg>${url}login</arg>
<doc>Navigates the current browser window to the provided ``url``.</doc>
<msg timestamp="20221029 13:20:36.046" level="INFO">Opening url 'https://training-wheels-protocol.herokuapp.com/login'</msg>
<status status="PASS" starttime="20221029 13:20:36.045" endtime="20221029 13:20:36.647"/>
</kw>
<kw name="Login With">
<arg>stark</arg>
<arg>jarvis!</arg>
<kw name="Input Text" library="SeleniumLibrary">
<arg>css:input[name=username]</arg>
<arg>${uname}</arg>
<doc>Types the given ``text`` into the text field identified by ``locator``.</doc>
<msg timestamp="20221029 13:20:36.651" level="INFO">Typing text 'stark' into text field 'css:input[name=username]'.</msg>
<status status="PASS" starttime="20221029 13:20:36.650" endtime="20221029 13:20:36.754"/>
</kw>
<kw name="Input Text" library="SeleniumLibrary">
<arg>css:input[name=password]</arg>
<arg>${pass}</arg>
<doc>Types the given ``text`` into the text field identified by ``locator``.</doc>
<msg timestamp="20221029 13:20:36.755" level="INFO">Typing text 'jarvis!' into text field 'css:input[name=password]'.</msg>
<status status="PASS" starttime="20221029 13:20:36.755" endtime="20221029 13:20:36.840"/>
</kw>
<kw name="Click Element" library="SeleniumLibrary">
<arg>class:btn-login</arg>
<doc>Click the element identified by ``locator``.</doc>
<msg timestamp="20221029 13:20:36.841" level="INFO">Clicking element 'class:btn-login'.</msg>
<status status="PASS" starttime="20221029 13:20:36.840" endtime="20221029 13:20:37.409"/>
</kw>
<status status="PASS" starttime="20221029 13:20:36.650" endtime="20221029 13:20:37.409"/>
</kw>
<kw name="Should See Loged User">
<arg>Tony Stark</arg>
<kw name="Page Should Contain" library="SeleniumLibrary">
<arg>Olá, ${full_name}. Você acessou a área logada!</arg>
<doc>Verifies that current page contains ``text``.</doc>
<msg timestamp="20221029 13:20:37.446" level="INFO">Current page contains text 'Olá, Tony Stark. Você acessou a área logada!'.</msg>
<status status="PASS" starttime="20221029 13:20:37.414" endtime="20221029 13:20:37.446"/>
</kw>
<status status="PASS" starttime="20221029 13:20:37.411" endtime="20221029 13:20:37.447"/>
</kw>
<kw name="Encerra sessão" library="base" type="TEARDOWN">
<kw name="Capture Page Screenshot" library="SeleniumLibrary">
<doc>Takes a screenshot of the current page and embeds it into a log file.</doc>
<msg timestamp="20221029 13:20:37.784" level="INFO" html="true">&lt;/td&gt;&lt;/tr&gt;&lt;tr&gt;&lt;td colspan="3"&gt;&lt;a href="selenium-screenshot-33.png"&gt;&lt;img src="selenium-screenshot-33.png" width="800px"&gt;&lt;/a&gt;</msg>
<status status="PASS" starttime="20221029 13:20:37.450" endtime="20221029 13:20:37.784"/>
</kw>
<kw name="Close Browser" library="SeleniumLibrary">
<doc>Closes the current browser.</doc>
<status status="PASS" starttime="20221029 13:20:37.784" endtime="20221029 13:20:40.025"/>
</kw>
<status status="PASS" starttime="20221029 13:20:37.449" endtime="20221029 13:20:40.026"/>
</kw>
<status status="PASS" starttime="20221029 13:20:32.012" endtime="20221029 13:20:40.028"/>
</test>
<test id="s1-t2" name="Senha inválida">
<kw name="Nova sessão" library="base" type="SETUP">
<kw name="Open Browser" library="SeleniumLibrary">
<arg>${url}</arg>
<arg>chrome</arg>
<doc>Opens a new browser instance to the optional ``url``.</doc>
<msg timestamp="20221029 13:20:40.043" level="INFO">Opening browser 'chrome' to base url 'https://training-wheels-protocol.herokuapp.com/'.</msg>
<status status="PASS" starttime="20221029 13:20:40.040" endtime="20221029 13:20:44.208"/>
</kw>
<status status="PASS" starttime="20221029 13:20:40.037" endtime="20221029 13:20:44.208"/>
</kw>
<kw name="Go To" library="SeleniumLibrary">
<arg>${url}login</arg>
<doc>Navigates the current browser window to the provided ``url``.</doc>
<msg timestamp="20221029 13:20:44.211" level="INFO">Opening url 'https://training-wheels-protocol.herokuapp.com/login'</msg>
<status status="PASS" starttime="20221029 13:20:44.210" endtime="20221029 13:20:44.762"/>
</kw>
<kw name="Login With">
<arg>stark</arg>
<arg>asd3</arg>
<kw name="Input Text" library="SeleniumLibrary">
<arg>css:input[name=username]</arg>
<arg>${uname}</arg>
<doc>Types the given ``text`` into the text field identified by ``locator``.</doc>
<msg timestamp="20221029 13:20:44.764" level="INFO">Typing text 'stark' into text field 'css:input[name=username]'.</msg>
<status status="PASS" starttime="20221029 13:20:44.763" endtime="20221029 13:20:44.875"/>
</kw>
<kw name="Input Text" library="SeleniumLibrary">
<arg>css:input[name=password]</arg>
<arg>${pass}</arg>
<doc>Types the given ``text`` into the text field identified by ``locator``.</doc>
<msg timestamp="20221029 13:20:44.876" level="INFO">Typing text 'asd3' into text field 'css:input[name=password]'.</msg>
<status status="PASS" starttime="20221029 13:20:44.875" endtime="20221029 13:20:44.957"/>
</kw>
<kw name="Click Element" library="SeleniumLibrary">
<arg>class:btn-login</arg>
<doc>Click the element identified by ``locator``.</doc>
<msg timestamp="20221029 13:20:44.958" level="INFO">Clicking element 'class:btn-login'.</msg>
<status status="PASS" starttime="20221029 13:20:44.958" endtime="20221029 13:20:45.569"/>
</kw>
<status status="PASS" starttime="20221029 13:20:44.763" endtime="20221029 13:20:45.570"/>
</kw>
<kw name="Should Contain Login Alert">
<arg>Senha é invalida!</arg>
<kw name="Get WebElement" library="SeleniumLibrary">
<var>${message}</var>
<arg>id:flash</arg>
<doc>Returns the first WebElement matching the given ``locator``.</doc>
<msg timestamp="20221029 13:20:45.594" level="INFO">${message} = &lt;selenium.webdriver.remote.webelement.WebElement (session="ff52c5f9a22a69f61d37c70a8719dba3", element="43ed6f1a-abad-4b31-942d-869713a8a9f9")&gt;</msg>
<status status="PASS" starttime="20221029 13:20:45.573" endtime="20221029 13:20:45.595"/>
</kw>
<kw name="Should Contain" library="BuiltIn">
<arg>${message.text}</arg>
<arg>${expect_message}</arg>
<doc>Fails if ``container`` does not contain ``item`` one or more times.</doc>
<status status="PASS" starttime="20221029 13:20:45.595" endtime="20221029 13:20:45.619"/>
</kw>
<status status="PASS" starttime="20221029 13:20:45.572" endtime="20221029 13:20:45.620"/>
</kw>
<kw name="Encerra sessão" library="base" type="TEARDOWN">
<kw name="Capture Page Screenshot" library="SeleniumLibrary">
<doc>Takes a screenshot of the current page and embeds it into a log file.</doc>
<msg timestamp="20221029 13:20:46.022" level="INFO" html="true">&lt;/td&gt;&lt;/tr&gt;&lt;tr&gt;&lt;td colspan="3"&gt;&lt;a href="selenium-screenshot-34.png"&gt;&lt;img src="selenium-screenshot-34.png" width="800px"&gt;&lt;/a&gt;</msg>
<status status="PASS" starttime="20221029 13:20:45.621" endtime="20221029 13:20:46.023"/>
</kw>
<kw name="Close Browser" library="SeleniumLibrary">
<doc>Closes the current browser.</doc>
<status status="PASS" starttime="20221029 13:20:46.023" endtime="20221029 13:20:48.195"/>
</kw>
<status status="PASS" starttime="20221029 13:20:45.621" endtime="20221029 13:20:48.196"/>
</kw>
<tag>login_error</tag>
<status status="PASS" starttime="20221029 13:20:40.034" endtime="20221029 13:20:48.198"/>
</test>
<test id="s1-t3" name="Usuário não existe">
<kw name="Nova sessão" library="base" type="SETUP">
<kw name="Open Browser" library="SeleniumLibrary">
<arg>${url}</arg>
<arg>chrome</arg>
<doc>Opens a new browser instance to the optional ``url``.</doc>
<msg timestamp="20221029 13:20:48.209" level="INFO">Opening browser 'chrome' to base url 'https://training-wheels-protocol.herokuapp.com/'.</msg>
<status status="PASS" starttime="20221029 13:20:48.208" endtime="20221029 13:20:52.178"/>
</kw>
<status status="PASS" starttime="20221029 13:20:48.207" endtime="20221029 13:20:52.178"/>
</kw>
<kw name="Go To" library="SeleniumLibrary">
<arg>${url}login</arg>
<doc>Navigates the current browser window to the provided ``url``.</doc>
<msg timestamp="20221029 13:20:52.181" level="INFO">Opening url 'https://training-wheels-protocol.herokuapp.com/login'</msg>
<status status="PASS" starttime="20221029 13:20:52.180" endtime="20221029 13:20:52.744"/>
</kw>
<kw name="Login With">
<arg>papito</arg>
<arg>testf3</arg>
<kw name="Input Text" library="SeleniumLibrary">
<arg>css:input[name=username]</arg>
<arg>${uname}</arg>
<doc>Types the given ``text`` into the text field identified by ``locator``.</doc>
<msg timestamp="20221029 13:20:52.747" level="INFO">Typing text 'papito' into text field 'css:input[name=username]'.</msg>
<status status="PASS" starttime="20221029 13:20:52.746" endtime="20221029 13:20:52.859"/>
</kw>
<kw name="Input Text" library="SeleniumLibrary">
<arg>css:input[name=password]</arg>
<arg>${pass}</arg>
<doc>Types the given ``text`` into the text field identified by ``locator``.</doc>
<msg timestamp="20221029 13:20:52.860" level="INFO">Typing text 'testf3' into text field 'css:input[name=password]'.</msg>
<status status="PASS" starttime="20221029 13:20:52.859" endtime="20221029 13:20:52.948"/>
</kw>
<kw name="Click Element" library="SeleniumLibrary">
<arg>class:btn-login</arg>
<doc>Click the element identified by ``locator``.</doc>
<msg timestamp="20221029 13:20:52.949" level="INFO">Clicking element 'class:btn-login'.</msg>
<status status="PASS" starttime="20221029 13:20:52.948" endtime="20221029 13:20:53.558"/>
</kw>
<status status="PASS" starttime="20221029 13:20:52.745" endtime="20221029 13:20:53.560"/>
</kw>
<kw name="Should Contain Login Alert">
<arg>O usuário informado não está cadastrado!</arg>
<kw name="Get WebElement" library="SeleniumLibrary">
<var>${message}</var>
<arg>id:flash</arg>
<doc>Returns the first WebElement matching the given ``locator``.</doc>
<msg timestamp="20221029 13:20:53.606" level="INFO">${message} = &lt;selenium.webdriver.remote.webelement.WebElement (session="b7a3552fbc9d0a615134ea3445828859", element="4279c270-3168-4bf2-b675-f534c4f79c45")&gt;</msg>
<status status="PASS" starttime="20221029 13:20:53.569" endtime="20221029 13:20:53.606"/>
</kw>
<kw name="Should Contain" library="BuiltIn">
<arg>${message.text}</arg>
<arg>${expect_message}</arg>
<doc>Fails if ``container`` does not contain ``item`` one or more times.</doc>
<status status="PASS" starttime="20221029 13:20:53.606" endtime="20221029 13:20:53.627"/>
</kw>
<status status="PASS" starttime="20221029 13:20:53.566" endtime="20221029 13:20:53.627"/>
</kw>
<kw name="Encerra sessão" library="base" type="TEARDOWN">
<kw name="Capture Page Screenshot" library="SeleniumLibrary">
<doc>Takes a screenshot of the current page and embeds it into a log file.</doc>
<msg timestamp="20221029 13:20:53.952" level="INFO" html="true">&lt;/td&gt;&lt;/tr&gt;&lt;tr&gt;&lt;td colspan="3"&gt;&lt;a href="selenium-screenshot-35.png"&gt;&lt;img src="selenium-screenshot-35.png" width="800px"&gt;&lt;/a&gt;</msg>
<status status="PASS" starttime="20221029 13:20:53.628" endtime="20221029 13:20:53.952"/>
</kw>
<kw name="Close Browser" library="SeleniumLibrary">
<doc>Closes the current browser.</doc>
<status status="PASS" starttime="20221029 13:20:53.952" endtime="20221029 13:20:56.133"/>
</kw>
<status status="PASS" starttime="20221029 13:20:53.628" endtime="20221029 13:20:56.134"/>
</kw>
<tag>login_user404</tag>
<status status="PASS" starttime="20221029 13:20:48.204" endtime="20221029 13:20:56.135"/>
</test>
<status status="PASS" starttime="20221029 13:20:31.793" endtime="20221029 13:20:56.143"/>
</suite>
<statistics>
<total>
<stat pass="3" fail="0" skip="0">All Tests</stat>
</total>
<tag>
<stat pass="1" fail="0" skip="0">login_error</stat>
<stat pass="1" fail="0" skip="0">login_user404</stat>
</tag>
<suite>
<stat pass="3" fail="0" skip="0" id="s1" name="Login Form">Login Form</stat>
</suite>
</statistics>
<errors>
</errors>
</robot>
